2021-12-30 18:01:52 INFO  main [mitsuba.cpp:256] Mitsuba version 0.5.0 (Windows, 64 bit), Copyright (c) 2014 Wenzel Jakob
2021-12-30 18:01:52 INFO  main [SocketStream] Connecting to "DESKTOP-OVB3HMH:7554"
2021-12-30 18:01:52 INFO  main [SocketStream] Connecting to "DESKTOP-CJ6E22V:7554"
2021-12-30 18:01:52 INFO  main [SocketStream] Connecting to "comp9011:7554"
2021-12-30 18:01:52 INFO  main [mitsuba.cpp:356] Parsing scene description from "C:\Users\yuval\Documents\meitar\LIVIPS_code\LIVIPS\simulation\generic\simulation.xml" ..
2021-12-30 18:01:52 INFO  main [PluginManager] Loading plugin "plugins\path.dll" ..
2021-12-30 18:01:52 INFO  main [PluginManager] Loading plugin "plugins\diffuse.dll" ..
2021-12-30 18:01:52 INFO  main [PluginManager] Loading plugin "plugins\obj.dll" ..
2021-12-30 18:01:52 INFO  main [WavefrontOBJ] Loading geometry from "bunny.obj" ..
2021-12-30 18:01:54 INFO  main [WavefrontOBJ] bunny: 69451 triangles, 34834 vertices (merged 173519 vertices).
2021-12-30 18:01:54 INFO  main [WavefrontOBJ] Done with "bunny.obj" (took 1645 ms)
2021-12-30 18:01:54 WARN  main [scenehandler.cpp:795] In file "C:\Users\yuval\Documents\meitar\LIVIPS_code\LIVIPS\simulation\generic\simulation.xml" (near line 12): Unqueried attribute "shapeIndex" in element "shape"
2021-12-30 18:01:54 INFO  main [PluginManager] Loading plugin "plugins\sobol.dll" ..
2021-12-30 18:01:54 INFO  main [PluginManager] Loading plugin "plugins\gaussian.dll" ..
2021-12-30 18:01:54 INFO  main [PluginManager] Loading plugin "plugins\hdrfilm.dll" ..
2021-12-30 18:01:54 WARN  main [scenehandler.cpp:795] In file "C:\Users\yuval\Documents\meitar\LIVIPS_code\LIVIPS\simulation\generic\simulation.xml" (near line 27): Unqueried attribute "exposure" in element "film"
2021-12-30 18:01:54 WARN  main [scenehandler.cpp:795] In file "C:\Users\yuval\Documents\meitar\LIVIPS_code\LIVIPS\simulation\generic\simulation.xml" (near line 27): Unqueried attribute "gamma" in element "film"
2021-12-30 18:01:54 WARN  main [scenehandler.cpp:795] In file "C:\Users\yuval\Documents\meitar\LIVIPS_code\LIVIPS\simulation\generic\simulation.xml" (near line 27): Unqueried attribute "tonemapMethod" in element "film"
2021-12-30 18:01:54 INFO  main [PluginManager] Loading plugin "plugins\orthographic.dll" ..
2021-12-30 18:01:54 INFO  main [PluginManager] Loading plugin "plugins\directional.dll" ..
2021-12-30 18:01:54 WARN  main [scenehandler.cpp:795] In file "C:\Users\yuval\Documents\meitar\LIVIPS_code\LIVIPS\simulation\generic\simulation.xml" (near line 33): Unqueried attribute "scale" in element "emitter"
2021-12-30 18:01:54 WARN  main [scenehandler.cpp:795] In file "C:\Users\yuval\Documents\meitar\LIVIPS_code\LIVIPS\simulation\generic\simulation.xml" (near line 38): Unqueried attribute "scale" in element "emitter"
2021-12-30 18:01:54 WARN  main [scenehandler.cpp:795] In file "C:\Users\yuval\Documents\meitar\LIVIPS_code\LIVIPS\simulation\generic\simulation.xml" (near line 43): Unqueried attribute "scale" in element "emitter"
2021-12-30 18:01:54 WARN  main [scenehandler.cpp:795] In file "C:\Users\yuval\Documents\meitar\LIVIPS_code\LIVIPS\simulation\generic\simulation.xml" (near line 48): Unqueried attribute "scale" in element "emitter"
2021-12-30 18:01:54 WARN  main [scenehandler.cpp:795] In file "C:\Users\yuval\Documents\meitar\LIVIPS_code\LIVIPS\simulation\generic\simulation.xml" (near line 53): Unqueried attribute "scale" in element "emitter"
2021-12-30 18:01:54 WARN  main [scenehandler.cpp:795] In file "C:\Users\yuval\Documents\meitar\LIVIPS_code\LIVIPS\simulation\generic\simulation.xml" (near line 58): Unqueried attribute "scale" in element "emitter"
2021-12-30 18:01:54 WARN  main [scenehandler.cpp:795] In file "C:\Users\yuval\Documents\meitar\LIVIPS_code\LIVIPS\simulation\generic\simulation.xml" (near line 63): Unqueried attribute "scale" in element "emitter"
2021-12-30 18:01:54 WARN  main [scenehandler.cpp:795] In file "C:\Users\yuval\Documents\meitar\LIVIPS_code\LIVIPS\simulation\generic\simulation.xml" (near line 68): Unqueried attribute "scale" in element "emitter"
2021-12-30 18:01:54 INFO  ren0 [KDTreeBase] Constructing a SAH kd-tree (69451 primitives) ..
2021-12-30 18:01:54 INFO  ren0 [KDTreeBase] Finished -- took 404 ms.
2021-12-30 18:01:54 INFO  ren0 [SamplingIntegrator] Starting render job (512x512, 16 samples, 26 cores, SSE2 enabled) ..
2021-12-30 18:01:55 INFO  ren0 [RenderJob] Render time: 1.4390s
2021-12-30 18:01:55 INFO  ren0 [HDRFilm] Writing image to "C:\Users\yuval\Documents\meitar\LIVIPS_code\LIVIPS\simulation\generic\simulation.exr" ..
2021-12-30 18:01:55 INFO  main [statistics.cpp:142] Statistics:
------------------------------------------------------------
 * Loaded plugins :
    -  plugins\diffuse.dll [Smooth diffuse BRDF]
    -  plugins\directional.dll [Directional emitter]
    -  plugins\gaussian.dll [Gaussian reconstruction filter]
    -  plugins\hdrfilm.dll [High dynamic range film]
    -  plugins\obj.dll [OBJ triangle mesh loader]
    -  plugins\orthographic.dll [Orthographics camera]
    -  plugins\path.dll [MI path tracer]
    -  plugins\sobol.dll [Sobol QMC sampler]

  * General :
    -  Normal rays traced : 2.081 M
    -  Shadow rays traced : 510.216 K

  * Network :
    -  Bytes received : 4.151 M
    -  Bytes sent : 5.023 M

  * Path tracer :
    -  Average path length : 1.02 (1.61 M / 1.57 M)
------------------------------------------------------------
