2022-01-11 16:21:52 INFO  main [mitsuba.cpp:256] Mitsuba version 0.5.0 (Windows, 64 bit), Copyright (c) 2014 Wenzel Jakob
2022-01-11 16:21:52 INFO  main [SocketStream] Connecting to "DESKTOP-CJ6E22V:7554"
2022-01-11 16:21:52 INFO  main [SocketStream] Connecting to "COMP9011:7554"
2022-01-11 16:21:52 INFO  main [mitsuba.cpp:356] Parsing scene description from "C:\Users\lab-yuval\Documents\LIVIPS_code\LIVIPS\simulation\generic\simulation.xml" ..
2022-01-11 16:21:52 INFO  main [PluginManager] Loading plugin "plugins\path.dll" ..
2022-01-11 16:21:52 INFO  main [PluginManager] Loading plugin "plugins\diffuse.dll" ..
2022-01-11 16:21:52 INFO  main [PluginManager] Loading plugin "plugins\obj.dll" ..
2022-01-11 16:21:52 INFO  main [WavefrontOBJ] Loading geometry from "bunny.obj" ..
2022-01-11 16:21:53 INFO  main [WavefrontOBJ] bunny: 69451 triangles, 34834 vertices (merged 173519 vertices).
2022-01-11 16:21:53 INFO  main [WavefrontOBJ] Done with "bunny.obj" (took 1017 ms)
2022-01-11 16:21:53 WARN  main [scenehandler.cpp:795] In file "C:\Users\lab-yuval\Documents\LIVIPS_code\LIVIPS\simulation\generic\simulation.xml" (near line 12): Unqueried attribute "shapeIndex" in element "shape"
2022-01-11 16:21:53 INFO  main [PluginManager] Loading plugin "plugins\ldsampler.dll" ..
2022-01-11 16:21:53 INFO  main [PluginManager] Loading plugin "plugins\gaussian.dll" ..
2022-01-11 16:21:53 INFO  main [PluginManager] Loading plugin "plugins\hdrfilm.dll" ..
2022-01-11 16:21:53 WARN  main [scenehandler.cpp:795] In file "C:\Users\lab-yuval\Documents\LIVIPS_code\LIVIPS\simulation\generic\simulation.xml" (near line 27): Unqueried attribute "exposure" in element "film"
2022-01-11 16:21:53 WARN  main [scenehandler.cpp:795] In file "C:\Users\lab-yuval\Documents\LIVIPS_code\LIVIPS\simulation\generic\simulation.xml" (near line 27): Unqueried attribute "gamma" in element "film"
2022-01-11 16:21:53 WARN  main [scenehandler.cpp:795] In file "C:\Users\lab-yuval\Documents\LIVIPS_code\LIVIPS\simulation\generic\simulation.xml" (near line 27): Unqueried attribute "tonemapMethod" in element "film"
2022-01-11 16:21:53 INFO  main [PluginManager] Loading plugin "plugins\orthographic.dll" ..
2022-01-11 16:21:53 INFO  main [PluginManager] Loading plugin "plugins\directional.dll" ..
2022-01-11 16:21:53 WARN  main [scenehandler.cpp:795] In file "C:\Users\lab-yuval\Documents\LIVIPS_code\LIVIPS\simulation\generic\simulation.xml" (near line 33): Unqueried attribute "scale" in element "emitter"
2022-01-11 16:21:53 WARN  main [scenehandler.cpp:795] In file "C:\Users\lab-yuval\Documents\LIVIPS_code\LIVIPS\simulation\generic\simulation.xml" (near line 38): Unqueried attribute "scale" in element "emitter"
2022-01-11 16:21:53 WARN  main [scenehandler.cpp:795] In file "C:\Users\lab-yuval\Documents\LIVIPS_code\LIVIPS\simulation\generic\simulation.xml" (near line 43): Unqueried attribute "scale" in element "emitter"
2022-01-11 16:21:53 WARN  main [scenehandler.cpp:795] In file "C:\Users\lab-yuval\Documents\LIVIPS_code\LIVIPS\simulation\generic\simulation.xml" (near line 48): Unqueried attribute "scale" in element "emitter"
2022-01-11 16:21:53 WARN  main [scenehandler.cpp:795] In file "C:\Users\lab-yuval\Documents\LIVIPS_code\LIVIPS\simulation\generic\simulation.xml" (near line 53): Unqueried attribute "scale" in element "emitter"
2022-01-11 16:21:53 WARN  main [scenehandler.cpp:795] In file "C:\Users\lab-yuval\Documents\LIVIPS_code\LIVIPS\simulation\generic\simulation.xml" (near line 58): Unqueried attribute "scale" in element "emitter"
2022-01-11 16:21:53 WARN  main [scenehandler.cpp:795] In file "C:\Users\lab-yuval\Documents\LIVIPS_code\LIVIPS\simulation\generic\simulation.xml" (near line 63): Unqueried attribute "scale" in element "emitter"
2022-01-11 16:21:53 WARN  main [scenehandler.cpp:795] In file "C:\Users\lab-yuval\Documents\LIVIPS_code\LIVIPS\simulation\generic\simulation.xml" (near line 68): Unqueried attribute "scale" in element "emitter"
2022-01-11 16:21:53 INFO  main [PluginManager] Loading plugin "plugins\envmap.dll" ..
2022-01-11 16:21:53 INFO  main [EnvironmentMap] Loading environment map "pisa_diffuse.hdr"
2022-01-11 16:21:53 INFO  main [PluginManager] Loading plugin "plugins\lanczos.dll" ..
2022-01-11 16:21:53 INFO  main [EnvironmentMap] Precomputing data structures for environment map sampling (129.5 KiB)
2022-01-11 16:21:53 INFO  main [EnvironmentMap] Done (took 0 ms)
2022-01-11 16:21:53 INFO  ren0 [KDTreeBase] Constructing a SAH kd-tree (69451 primitives) ..
2022-01-11 16:21:53 INFO  ren0 [KDTreeBase] Finished -- took 206 ms.
2022-01-11 16:21:53 INFO  ren0 [PluginManager] Loading plugin "plugins\sphere.dll" ..
2022-01-11 16:21:53 INFO  ren0 [SamplingIntegrator] Starting render job (512x512, 512 samples, 22 cores, SSE2 enabled) ..
