
**** Build of configuration Nios II for project uart_handler ****

make mem_init_generate 
      2 [main] sh 18080 find_fast_cwd: WARNING: Couldn't compute FAST_CWD pointer.  Please report this problem to
the public mailing list cygwin@cygwin.com
      2 [main] sh 20524 find_fast_cwd: WARNING: Couldn't compute FAST_CWD pointer.  Please report this problem to
the public mailing list cygwin@cygwin.com
      2 [main] echo 19400 find_fast_cwd: WARNING: Couldn't compute FAST_CWD pointer.  Please report this problem to
Info: Building ../uart_handler_bsp/
the public mailing list cygwin@cygwin.com
make --no-print-directory -C ../uart_handler_bsp/
      2 [main] pwd 14548 find_fast_cwd: WARNING: Couldn't compute FAST_CWD pointer.  Please report this problem to
the public mailing list cygwin@cygwin.com
      2 [main] sh 6044 find_fast_cwd: WARNING: Couldn't compute FAST_CWD pointer.  Please report this problem to
the public mailing list cygwin@cygwin.com
      2 [main] sh 16648 find_fast_cwd: WARNING: Couldn't compute FAST_CWD pointer.  Please report this problem to
the public mailing list cygwin@cygwin.com
[BSP build complete]
      2 [main] true 19852 find_fast_cwd: WARNING: Couldn't compute FAST_CWD pointer.  Please report this problem to
the public mailing list cygwin@cygwin.com
      2 [main] echo 30204 find_fast_cwd: WARNING: Couldn't compute FAST_CWD pointer.  Please report this problem to
Post-processing to create mem_init/nios_led_onchip_memory2_0.hex...
the public mailing list cygwin@cygwin.com
      2 [main] mkdir 19196 find_fast_cwd: WARNING: Couldn't compute FAST_CWD pointer.  Please report this problem to
the public mailing list cygwin@cygwin.com
bash -c 'elf2hex uart_handler.elf 0x00004000 0x00007fff --width=32 \
		--little-endian-mem --create-lanes=0  mem_init/nios_led_onchip_memory2_0.hex'
      2 [main] bash 28768 find_fast_cwd: WARNING: Couldn't compute FAST_CWD pointer.  Please report this problem to
the public mailing list cygwin@cygwin.com
      2 [main] echo 3192 find_fast_cwd: WARNING: Couldn't compute FAST_CWD pointer.  Please report this problem to
the public mailing list cygwin@cygwin.com
Post-processing to create mem_init/hdl_sim/nios_led_onchip_memory2_0.dat...
     16 [main] mkdir 10024 find_fast_cwd: WARNING: Couldn't compute FAST_CWD pointer.  Please report this problem to
the public mailing list cygwin@cygwin.com
bash -c 'elf2dat --infile=uart_handler.elf --outfile=mem_init/hdl_sim/nios_led_onchip_memory2_0.dat \
		--base=0x00004000 --end=0x00007fff --width=32 \
		--little-endian-mem --create-lanes=0 '
     10 [main] bash 29100 find_fast_cwd: WARNING: Couldn't compute FAST_CWD pointer.  Please report this problem to
the public mailing list cygwin@cygwin.com
      2 [main] echo 26792 find_fast_cwd: WARNING: Couldn't compute FAST_CWD pointer.  Please report this problem to
Post-processing to create mem_init/hdl_sim/nios_led_onchip_memory2_0.sym...
the public mailing list cygwin@cygwin.com
      2 [main] mkdir 15464 find_fast_cwd: WARNING: Couldn't compute FAST_CWD pointer.  Please report this problem to
nios2-elf-nm -n uart_handler.elf > mem_init/hdl_sim/nios_led_onchip_memory2_0.sym
the public mailing list cygwin@cygwin.com
      2 [main] sh 23096 find_fast_cwd: WARNING: Couldn't compute FAST_CWD pointer.  Please report this problem to
the public mailing list cygwin@cygwin.com
      2 [main] echo 29076 find_fast_cwd: WARNING: Couldn't compute FAST_CWD pointer.  Please report this problem to
Post-processing to create mem_init/meminit.spd...
the public mailing list cygwin@cygwin.com
      2 [main] mkdir 30684 find_fast_cwd: WARNING: Couldn't compute FAST_CWD pointer.  Please report this problem to
the public mailing list cygwin@cygwin.com
      2 [main] rm 31408 find_fast_cwd: WARNING: Couldn't compute FAST_CWD pointer.  Please report this problem to
the public mailing list cygwin@cygwin.com
      2 [main] sh 2696 find_fast_cwd: WARNING: Couldn't compute FAST_CWD pointer.  Please report this problem to
the public mailing list cygwin@cygwin.com
      2 [main] sh 27136 find_fast_cwd: WARNING: Couldn't compute FAST_CWD pointer.  Please report this problem to
the public mailing list cygwin@cygwin.com
      2 [main] sh 28920 find_fast_cwd: WARNING: Couldn't compute FAST_CWD pointer.  Please report this problem to
the public mailing list cygwin@cygwin.com
      3 [main] sh 12184 find_fast_cwd: WARNING: Couldn't compute FAST_CWD pointer.  Please report this problem to
the public mailing list cygwin@cygwin.com
      2 [main] sh 26900 find_fast_cwd: WARNING: Couldn't compute FAST_CWD pointer.  Please report this problem to
the public mailing list cygwin@cygwin.com
      2 [main] echo 7468 find_fast_cwd: WARNING: Couldn't compute FAST_CWD pointer.  Please report this problem to
the public mailing list cygwin@cygwin.com
Post-processing to create mem_init/meminit.qip...
      2 [main] mkdir 16564 find_fast_cwd: WARNING: Couldn't compute FAST_CWD pointer.  Please report this problem to
the public mailing list cygwin@cygwin.com
      2 [main] rm 26328 find_fast_cwd: WARNING: Couldn't compute FAST_CWD pointer.  Please report this problem to
the public mailing list cygwin@cygwin.com
      2 [main] sh 23668 find_fast_cwd: WARNING: Couldn't compute FAST_CWD pointer.  Please report this problem to
the public mailing list cygwin@cygwin.com

**** Build Finished ****

**** Build of configuration Nios II for project uart_handler ****

make all 
      2 [main] sh 25696 find_fast_cwd: WARNING: Couldn't compute FAST_CWD pointer.  Please report this problem to
the public mailing list cygwin@cygwin.com
      2 [main] sh 15956 find_fast_cwd: WARNING: Couldn't compute FAST_CWD pointer.  Please report this problem to
the public mailing list cygwin@cygwin.com
      2 [main] echo 21408 find_fast_cwd: WARNING: Couldn't compute FAST_CWD pointer.  Please report this problem to
Info: Building ../uart_handler_bsp/
the public mailing list cygwin@cygwin.com
make --no-print-directory -C ../uart_handler_bsp/
      2 [main] pwd 26752 find_fast_cwd: WARNING: Couldn't compute FAST_CWD pointer.  Please report this problem to
the public mailing list cygwin@cygwin.com
      2 [main] sh 31864 find_fast_cwd: WARNING: Couldn't compute FAST_CWD pointer.  Please report this problem to
the public mailing list cygwin@cygwin.com
      2 [main] echo 15216 find_fast_cwd: WARNING: Couldn't compute FAST_CWD pointer.  Please report this problem to
Makefile not up to date.
the public mailing list cygwin@cygwin.com
      2 [main] echo 21496 find_fast_cwd: WARNING: Couldn't compute FAST_CWD pointer.  Please report this problem to
the public mailing list cygwin@cygwin.com
C:/altera/13.0sp1/nios_led/nios_led.sopcinfo has been modified since the BSP was generated.
      2 [main] echo 20172 find_fast_cwd: WARNING: Couldn't compute FAST_CWD pointer.  Please report this problem to

the public mailing list cygwin@cygwin.com
      2 [main] echo 29484 find_fast_cwd: WARNING: Couldn't compute FAST_CWD pointer.  Please report this problem to
Generate the BSP to update the Makefile, and then build again.
the public mailing list cygwin@cygwin.com
      3 [main] echo 21376 find_fast_cwd: WARNING: Couldn't compute FAST_CWD pointer.  Please report this problem to

the public mailing list cygwin@cygwin.com
      2 [main] echo 18984 find_fast_cwd: WARNING: Couldn't compute FAST_CWD pointer.  Please report this problem to
To generate from Eclipse:
the public mailing list cygwin@cygwin.com
      2 [main] sh 10960 find_fast_cwd: WARNING: Couldn't compute FAST_CWD pointer.  Please report this problem to
the public mailing list cygwin@cygwin.com
 1. Right-click the BSP project.
      2 [main] sh 14464 find_fast_cwd: WARNING: Couldn't compute FAST_CWD pointer.  Please report this problem to
the public mailing list cygwin@cygwin.com
 2. In the Nios II Menu, click Generate BSP.
      2 [main] echo 30048 find_fast_cwd: WARNING: Couldn't compute FAST_CWD pointer.  Please report this problem to

the public mailing list cygwin@cygwin.com
      2 [main] echo 10992 find_fast_cwd: WARNING: Couldn't compute FAST_CWD pointer.  Please report this problem to
To generate from the command line:
the public mailing list cygwin@cygwin.com
      2 [main] sh 14680 find_fast_cwd: WARNING: Couldn't compute FAST_CWD pointer.  Please report this problem to
the public mailing list cygwin@cygwin.com
 nios2-bsp-generate-files --settings=<settings file> --bsp-dir=<target bsp files directory>
      2 [main] echo 31956 find_fast_cwd: WARNING: Couldn't compute FAST_CWD pointer.  Please report this problem to

the public mailing list cygwin@cygwin.com
      2 [main] sh 18196 find_fast_cwd: WARNING: Couldn't compute FAST_CWD pointer.  Please report this problem to
the public mailing list cygwin@cygwin.com
make[1]: *** [public.mk] Error 1
make: *** [../uart_handler_bsp/-recurs-make-lib] Error 2

**** Build Finished ****

**** Build of configuration Nios II for project uart_handler ****

make all 
      2 [main] sh 30392 find_fast_cwd: WARNING: Couldn't compute FAST_CWD pointer.  Please report this problem to
the public mailing list cygwin@cygwin.com
      2 [main] sh 19036 find_fast_cwd: WARNING: Couldn't compute FAST_CWD pointer.  Please report this problem to
the public mailing list cygwin@cygwin.com
      3 [main] echo 29116 find_fast_cwd: WARNING: Couldn't compute FAST_CWD pointer.  Please report this problem to
Info: Building ../uart_handler_bsp/
the public mailing list cygwin@cygwin.com
make --no-print-directory -C ../uart_handler_bsp/
      2 [main] pwd 16544 find_fast_cwd: WARNING: Couldn't compute FAST_CWD pointer.  Please report this problem to
the public mailing list cygwin@cygwin.com
      2 [main] sh 10208 find_fast_cwd: WARNING: Couldn't compute FAST_CWD pointer.  Please report this problem to
the public mailing list cygwin@cygwin.com
      2 [main] echo 16480 find_fast_cwd: WARNING: Couldn't compute FAST_CWD pointer.  Please report this problem to
Makefile not up to date.
the public mailing list cygwin@cygwin.com
      2 [main] echo 4976 find_fast_cwd: WARNING: Couldn't compute FAST_CWD pointer.  Please report this problem to
C:/altera/13.0sp1/nios_led/nios_led.sopcinfo has been modified since the BSP was generated.
the public mailing list cygwin@cygwin.com
      2 [main] echo 16028 find_fast_cwd: WARNING: Couldn't compute FAST_CWD pointer.  Please report this problem to

the public mailing list cygwin@cygwin.com
      2 [main] echo 20672 find_fast_cwd: WARNING: Couldn't compute FAST_CWD pointer.  Please report this problem to
Generate the BSP to update the Makefile, and then build again.
the public mailing list cygwin@cygwin.com
      2 [main] echo 2584 find_fast_cwd: WARNING: Couldn't compute FAST_CWD pointer.  Please report this problem to

the public mailing list cygwin@cygwin.com
      2 [main] echo 19488 find_fast_cwd: WARNING: Couldn't compute FAST_CWD pointer.  Please report this problem to
the public mailing list cygwin@cygwin.com
To generate from Eclipse:
      2 [main] sh 31048 find_fast_cwd: WARNING: Couldn't compute FAST_CWD pointer.  Please report this problem to
the public mailing list cygwin@cygwin.com
 1. Right-click the BSP project.
      2 [main] sh 29224 find_fast_cwd: WARNING: Couldn't compute FAST_CWD pointer.  Please report this problem to
the public mailing list cygwin@cygwin.com
 2. In the Nios II Menu, click Generate BSP.
      2 [main] echo 10480 find_fast_cwd: WARNING: Couldn't compute FAST_CWD pointer.  Please report this problem to

the public mailing list cygwin@cygwin.com
      2 [main] echo 10440 find_fast_cwd: WARNING: Couldn't compute FAST_CWD pointer.  Please report this problem to
To generate from the command line:
the public mailing list cygwin@cygwin.com
      2 [main] sh 32592 find_fast_cwd: WARNING: Couldn't compute FAST_CWD pointer.  Please report this problem to
the public mailing list cygwin@cygwin.com
 nios2-bsp-generate-files --settings=<settings file> --bsp-dir=<target bsp files directory>
      2 [main] echo 24772 find_fast_cwd: WARNING: Couldn't compute FAST_CWD pointer.  Please report this problem to
the public mailing list cygwin@cygwin.com

      2 [main] sh 22456 find_fast_cwd: WARNING: Couldn't compute FAST_CWD pointer.  Please report this problem to
the public mailing list cygwin@cygwin.com
make[1]: *** [public.mk] Error 1
make: *** [../uart_handler_bsp/-recurs-make-lib] Error 2

**** Build Finished ****

**** Build of configuration Nios II for project uart_handler ****

make all 
      2 [main] sh 28836 find_fast_cwd: WARNING: Couldn't compute FAST_CWD pointer.  Please report this problem to
the public mailing list cygwin@cygwin.com
      2 [main] sh 29524 find_fast_cwd: WARNING: Couldn't compute FAST_CWD pointer.  Please report this problem to
the public mailing list cygwin@cygwin.com
      2 [main] echo 6980 find_fast_cwd: WARNING: Couldn't compute FAST_CWD pointer.  Please report this problem to
the public mailing list cygwin@cygwin.com
Info: Building ../uart_handler_bsp/
make --no-print-directory -C ../uart_handler_bsp/
      2 [main] pwd 4012 find_fast_cwd: WARNING: Couldn't compute FAST_CWD pointer.  Please report this problem to
the public mailing list cygwin@cygwin.com
      2 [main] sh 32192 find_fast_cwd: WARNING: Couldn't compute FAST_CWD pointer.  Please report this problem to
the public mailing list cygwin@cygwin.com
      2 [main] echo 24304 find_fast_cwd: WARNING: Couldn't compute FAST_CWD pointer.  Please report this problem to
the public mailing list cygwin@cygwin.com
Makefile not up to date.
      2 [main] echo 29492 find_fast_cwd: WARNING: Couldn't compute FAST_CWD pointer.  Please report this problem to
C:/altera/13.0sp1/nios_led/nios_led.sopcinfo has been modified since the BSP was generated.
the public mailing list cygwin@cygwin.com
      2 [main] echo 24256 find_fast_cwd: WARNING: Couldn't compute FAST_CWD pointer.  Please report this problem to
the public mailing list cygwin@cygwin.com

      2 [main] echo 12172 find_fast_cwd: WARNING: Couldn't compute FAST_CWD pointer.  Please report this problem to
the public mailing list cygwin@cygwin.com
Generate the BSP to update the Makefile, and then build again.
      2 [main] echo 21828 find_fast_cwd: WARNING: Couldn't compute FAST_CWD pointer.  Please report this problem to
the public mailing list cygwin@cygwin.com

      2 [main] echo 21344 find_fast_cwd: WARNING: Couldn't compute FAST_CWD pointer.  Please report this problem to
the public mailing list cygwin@cygwin.com
To generate from Eclipse:
      2 [main] sh 32436 find_fast_cwd: WARNING: Couldn't compute FAST_CWD pointer.  Please report this problem to
the public mailing list cygwin@cygwin.com
 1. Right-click the BSP project.
      2 [main] sh 25124 find_fast_cwd: WARNING: Couldn't compute FAST_CWD pointer.  Please report this problem to
the public mailing list cygwin@cygwin.com
 2. In the Nios II Menu, click Generate BSP.
      2 [main] echo 29552 find_fast_cwd: WARNING: Couldn't compute FAST_CWD pointer.  Please report this problem to
the public mailing list cygwin@cygwin.com

      2 [main] echo 24260 find_fast_cwd: WARNING: Couldn't compute FAST_CWD pointer.  Please report this problem to
the public mailing list cygwin@cygwin.com
To generate from the command line:
      2 [main] sh 22124 find_fast_cwd: WARNING: Couldn't compute FAST_CWD pointer.  Please report this problem to
the public mailing list cygwin@cygwin.com
 nios2-bsp-generate-files --settings=<settings file> --bsp-dir=<target bsp files directory>
      2 [main] echo 8280 find_fast_cwd: WARNING: Couldn't compute FAST_CWD pointer.  Please report this problem to

the public mailing list cygwin@cygwin.com
      2 [main] sh 19556 find_fast_cwd: WARNING: Couldn't compute FAST_CWD pointer.  Please report this problem to
the public mailing list cygwin@cygwin.com
make[1]: *** [public.mk] Error 1
make: *** [../uart_handler_bsp/-recurs-make-lib] Error 2

**** Build Finished ****

**** Build of configuration Nios II for project uart_handler ****

make all 
      2 [main] sh 9068 find_fast_cwd: WARNING: Couldn't compute FAST_CWD pointer.  Please report this problem to
the public mailing list cygwin@cygwin.com
      2 [main] sh 26236 find_fast_cwd: WARNING: Couldn't compute FAST_CWD pointer.  Please report this problem to
the public mailing list cygwin@cygwin.com
      2 [main] echo 232 find_fast_cwd: WARNING: Couldn't compute FAST_CWD pointer.  Please report this problem to
Info: Building ../uart_handler_bsp/
the public mailing list cygwin@cygwin.com
make --no-print-directory -C ../uart_handler_bsp/
      3 [main] pwd 18504 find_fast_cwd: WARNING: Couldn't compute FAST_CWD pointer.  Please report this problem to
the public mailing list cygwin@cygwin.com
      2 [main] sh 30684 find_fast_cwd: WARNING: Couldn't compute FAST_CWD pointer.  Please report this problem to
the public mailing list cygwin@cygwin.com
      2 [main] echo 20756 find_fast_cwd: WARNING: Couldn't compute FAST_CWD pointer.  Please report this problem to
the public mailing list cygwin@cygwin.com
Makefile not up to date.
      2 [main] echo 31404 find_fast_cwd: WARNING: Couldn't compute FAST_CWD pointer.  Please report this problem to
C:/altera/13.0sp1/nios_led/nios_led.sopcinfo has been modified since the BSP was generated.
the public mailing list cygwin@cygwin.com
      2 [main] echo 784 find_fast_cwd: WARNING: Couldn't compute FAST_CWD pointer.  Please report this problem to

the public mailing list cygwin@cygwin.com
      2 [main] echo 22412 find_fast_cwd: WARNING: Couldn't compute FAST_CWD pointer.  Please report this problem to
Generate the BSP to update the Makefile, and then build again.
the public mailing list cygwin@cygwin.com
      2 [main] echo 22828 find_fast_cwd: WARNING: Couldn't compute FAST_CWD pointer.  Please report this problem to

the public mailing list cygwin@cygwin.com
      2 [main] echo 29392 find_fast_cwd: WARNING: Couldn't compute FAST_CWD pointer.  Please report this problem to
To generate from Eclipse:
the public mailing list cygwin@cygwin.com
      2 [main] sh 5404 find_fast_cwd: WARNING: Couldn't compute FAST_CWD pointer.  Please report this problem to
the public mailing list cygwin@cygwin.com
 1. Right-click the BSP project.
      2 [main] sh 15992 find_fast_cwd: WARNING: Couldn't compute FAST_CWD pointer.  Please report this problem to
the public mailing list cygwin@cygwin.com
 2. In the Nios II Menu, click Generate BSP.
      2 [main] echo 25520 find_fast_cwd: WARNING: Couldn't compute FAST_CWD pointer.  Please report this problem to
the public mailing list cygwin@cygwin.com

      2 [main] echo 14760 find_fast_cwd: WARNING: Couldn't compute FAST_CWD pointer.  Please report this problem to
To generate from the command line:
the public mailing list cygwin@cygwin.com
      2 [main] sh 7344 find_fast_cwd: WARNING: Couldn't compute FAST_CWD pointer.  Please report this problem to
the public mailing list cygwin@cygwin.com
 nios2-bsp-generate-files --settings=<settings file> --bsp-dir=<target bsp files directory>
      2 [main] echo 8540 find_fast_cwd: WARNING: Couldn't compute FAST_CWD pointer.  Please report this problem to

the public mailing list cygwin@cygwin.com
      2 [main] sh 21720 find_fast_cwd: WARNING: Couldn't compute FAST_CWD pointer.  Please report this problem to
the public mailing list cygwin@cygwin.com
make[1]: *** [public.mk] Error 1
make: *** [../uart_handler_bsp/-recurs-make-lib] Error 2

**** Build Finished ****
