
**** Build of configuration Nios II for project uart_handler_bsp ****

make all 
      2 [main] pwd 19084 find_fast_cwd: WARNING: Couldn't compute FAST_CWD pointer.  Please report this problem to
the public mailing list cygwin@cygwin.com
      2 [main] sh 20060 find_fast_cwd: WARNING: Couldn't compute FAST_CWD pointer.  Please report this problem to
the public mailing list cygwin@cygwin.com
      2 [main] echo 2392 find_fast_cwd: WARNING: Couldn't compute FAST_CWD pointer.  Please report this problem to
the public mailing list cygwin@cygwin.com
Makefile not up to date.
      2 [main] echo 6968 find_fast_cwd: WARNING: Couldn't compute FAST_CWD pointer.  Please report this problem to
C:/altera/13.0sp1/nios_led/nios_led.sopcinfo has been modified since the BSP was generated.
the public mailing list cygwin@cygwin.com
      2 [main] echo 22164 find_fast_cwd: WARNING: Couldn't compute FAST_CWD pointer.  Please report this problem to

the public mailing list cygwin@cygwin.com
      2 [main] echo 6788 find_fast_cwd: WARNING: Couldn't compute FAST_CWD pointer.  Please report this problem to
Generate the BSP to update the Makefile, and then build again.
the public mailing list cygwin@cygwin.com
      2 [main] echo 6908 find_fast_cwd: WARNING: Couldn't compute FAST_CWD pointer.  Please report this problem to

the public mailing list cygwin@cygwin.com
      2 [main] echo 20024 find_fast_cwd: WARNING: Couldn't compute FAST_CWD pointer.  Please report this problem to
To generate from Eclipse:
the public mailing list cygwin@cygwin.com
      2 [main] sh 16032 find_fast_cwd: WARNING: Couldn't compute FAST_CWD pointer.  Please report this problem to
the public mailing list cygwin@cygwin.com
 1. Right-click the BSP project.
      2 [main] sh 23980 find_fast_cwd: WARNING: Couldn't compute FAST_CWD pointer.  Please report this problem to
the public mailing list cygwin@cygwin.com
 2. In the Nios II Menu, click Generate BSP.
      2 [main] echo 20972 find_fast_cwd: WARNING: Couldn't compute FAST_CWD pointer.  Please report this problem to

the public mailing list cygwin@cygwin.com
      4 [main] echo 15652 find_fast_cwd: WARNING: Couldn't compute FAST_CWD pointer.  Please report this problem to
To generate from the command line:
the public mailing list cygwin@cygwin.com
      2 [main] sh 19140 find_fast_cwd: WARNING: Couldn't compute FAST_CWD pointer.  Please report this problem to
the public mailing list cygwin@cygwin.com
 nios2-bsp-generate-files --settings=<settings file> --bsp-dir=<target bsp files directory>
      2 [main] echo 10084 find_fast_cwd: WARNING: Couldn't compute FAST_CWD pointer.  Please report this problem to

the public mailing list cygwin@cygwin.com
      2 [main] sh 1096 find_fast_cwd: WARNING: Couldn't compute FAST_CWD pointer.  Please report this problem to
the public mailing list cygwin@cygwin.com
make: *** [public.mk] Error 1

**** Build Finished ****
