Info: Starting: Create block symbol file (.bsf)
Info: ip-generate --project-directory=C:/altera/13.0sp1/nios_led/ --output-directory=C:/altera/13.0sp1/nios_led/nios_led/ --report-file=bsf:C:/altera/13.0sp1/nios_led/nios_led.bsf --system-info=DEVICE_FAMILY="Cyclone II" --system-info=DEVICE=EP2C20F484C7 --system-info=DEVICE_SPEEDGRADE=7 --component-file=C:/altera/13.0sp1/nios_led/nios_led.qsys
Progress: Loading nios_led/nios_led.qsys
Progress: Reading input file
Progress: Adding clk_0 [clock_source 13.0]
Progress: Parameterizing module clk_0
Progress: Adding nios2_qsys_0 [altera_nios2_qsys 13.0]
Progress: Parameterizing module nios2_qsys_0
Progress: Adding onchip_memory2_0 [altera_avalon_onchip_memory2 13.0.1.99.1]
Progress: Parameterizing module onchip_memory2_0
Progress: Adding rs232 [altera_avalon_uart 13.0.1.99.1]
Progress: Parameterizing module rs232
Progress: Adding bus1 [altera_avalon_pio 13.0.1.99.1]
Progress: Parameterizing module bus1
Progress: Adding bus2 [altera_avalon_pio 13.0.1.99.1]
Progress: Parameterizing module bus2
Progress: Adding bus3 [altera_avalon_pio 13.0.1.99.1]
Progress: Parameterizing module bus3
Progress: Building connections
Progress: Parameterizing connections
Progress: Validating
Progress: Done reading input file
Info: nios_led.onchip_memory2_0: Memory will be initialized from onchip_memory2_0.hex
Info: ip-generate succeeded.
Info: Finished: Create block symbol file (.bsf)
Info: 
Info: Starting: Create HDL design files for synthesis
Info: ip-generate --project-directory=C:/altera/13.0sp1/nios_led/ --output-directory=C:/altera/13.0sp1/nios_led/nios_led/synthesis/ --file-set=QUARTUS_SYNTH --report-file=sopcinfo:C:/altera/13.0sp1/nios_led/nios_led.sopcinfo --report-file=html:C:/altera/13.0sp1/nios_led/nios_led.html --report-file=qip:C:/altera/13.0sp1/nios_led/nios_led/synthesis/nios_led.qip --report-file=cmp:C:/altera/13.0sp1/nios_led/nios_led.cmp --report-file=svd --system-info=DEVICE_FAMILY="Cyclone II" --system-info=DEVICE=EP2C20F484C7 --system-info=DEVICE_SPEEDGRADE=7 --component-file=C:/altera/13.0sp1/nios_led/nios_led.qsys --language=VHDL
Progress: Loading nios_led/nios_led.qsys
Progress: Reading input file
Progress: Adding clk_0 [clock_source 13.0]
Progress: Parameterizing module clk_0
Progress: Adding nios2_qsys_0 [altera_nios2_qsys 13.0]
Progress: Parameterizing module nios2_qsys_0
Progress: Adding onchip_memory2_0 [altera_avalon_onchip_memory2 13.0.1.99.1]
Progress: Parameterizing module onchip_memory2_0
Progress: Adding rs232 [altera_avalon_uart 13.0.1.99.1]
Progress: Parameterizing module rs232
Progress: Adding bus1 [altera_avalon_pio 13.0.1.99.1]
Progress: Parameterizing module bus1
Progress: Adding bus2 [altera_avalon_pio 13.0.1.99.1]
Progress: Parameterizing module bus2
Progress: Adding bus3 [altera_avalon_pio 13.0.1.99.1]
Progress: Parameterizing module bus3
Progress: Building connections
Progress: Parameterizing connections
Progress: Validating
Progress: Done reading input file
Info: nios_led.onchip_memory2_0: Memory will be initialized from onchip_memory2_0.hex
Info: nios_led: Generating nios_led "nios_led" for QUARTUS_SYNTH
Info: pipeline_bridge_swap_transform: After transform: 7 modules, 22 connections
Info: No custom instruction connections, skipping transform 
Info: merlin_translator_transform: After transform: 15 modules, 46 connections
Info: merlin_domain_transform: After transform: 30 modules, 124 connections
Info: merlin_router_transform: After transform: 38 modules, 148 connections
Info: reset_adaptation_transform: After transform: 39 modules, 150 connections
Info: merlin_network_to_switch_transform: After transform: 54 modules, 182 connections
Info: merlin_mm_transform: After transform: 54 modules, 182 connections
Info: merlin_interrupt_mapper_transform: After transform: 55 modules, 185 connections
Warning: nios_led: "No matching role found for rs232:s1:dataavailable (dataavailable)"
Warning: nios_led: "No matching role found for rs232:s1:readyfordata (readyfordata)"
Info: nios2_qsys_0: Starting RTL generation for module 'nios_led_nios2_qsys_0'
Info: nios2_qsys_0:   Generation command is [exec C:/altera/13.0sp1/quartus/../ip/altera/nios2_ip/altera_nios2/eperl.exe -I C:/altera/13.0sp1/quartus/common/ip/altera/common/perl/5.8.3 -I C:/altera/13.0sp1/quartus/sopc_builder/bin/europa -I C:/altera/13.0sp1/quartus/sopc_builder/bin/perl_lib -I C:/altera/13.0sp1/quartus/sopc_builder/bin -I C:/altera/13.0sp1/quartus/../ip/altera/nios2_ip/altera_nios2/cpu_lib -I C:/altera/13.0sp1/quartus/../ip/altera/nios2_ip/altera_nios2/nios_lib -I C:/altera/13.0sp1/quartus/../ip/altera/nios2_ip/altera_nios2 -I C:/altera/13.0sp1/quartus/../ip/altera/nios2_ip/altera_nios2 -- C:/altera/13.0sp1/quartus/../ip/altera/nios2_ip/altera_nios2/generate_rtl.epl --name=nios_led_nios2_qsys_0 --dir=C:/Users/yuval/AppData/Local/Temp/alt8379_6607121693955191291.dir/0001_nios2_qsys_0_gen/ --quartus_dir=C:/altera/13.0sp1/quartus --verilog --config=C:/Users/yuval/AppData/Local/Temp/alt8379_6607121693955191291.dir/0001_nios2_qsys_0_gen//nios_led_nios2_qsys_0_processor_configuration.pl  --do_build_sim=0    --bogus  ]
Info: nios2_qsys_0: # 2020.04.27 17:44:01 (*) Starting Nios II generation
Info: nios2_qsys_0: # 2020.04.27 17:44:01 (*)   Checking for plaintext license.
Info: nios2_qsys_0: # 2020.04.27 17:44:02 (*)   Couldn't query license setup in Quartus directory C:/altera/13.0sp1/quartus
Info: nios2_qsys_0: # 2020.04.27 17:44:02 (*)   Defaulting to contents of LM_LICENSE_FILE environment variable
Info: nios2_qsys_0: # 2020.04.27 17:44:02 (*)   LM_LICENSE_FILE environment variable is empty
Info: nios2_qsys_0: # 2020.04.27 17:44:02 (*)   Plaintext license not found.
Info: nios2_qsys_0: # 2020.04.27 17:44:02 (*)   No license required to generate encrypted Nios II/e.
Info: nios2_qsys_0: # 2020.04.27 17:44:02 (*)   Elaborating CPU configuration settings
Info: nios2_qsys_0: # 2020.04.27 17:44:02 (*)   Creating all objects for CPU
Info: nios2_qsys_0: # 2020.04.27 17:44:03 (*)   Generating RTL from CPU objects
Info: nios2_qsys_0: # 2020.04.27 17:44:03 (*)   Creating plain-text RTL
Info: nios2_qsys_0: # 2020.04.27 17:44:06 (*) Done Nios II generation
Info: nios2_qsys_0: Done RTL generation for module 'nios_led_nios2_qsys_0'
Info: nios2_qsys_0: "nios_led" instantiated altera_nios2_qsys "nios2_qsys_0"
Info: Starting classic module elaboration.
      1 [main] sh 3768 find_fast_cwd: WARNING: Couldn't compute FAST_CWD pointer.  Please report this problem to
the public mailing list cygwin@cygwin.com
cygwin warning:
  MS-DOS style path detected: C:/altera/13.0sp1/quartus/sopc_builder/bin/nios_sh
  Preferred POSIX equivalent is: /cygdrive/c/altera/13.0sp1/quartus/sopc_builder/bin/nios_sh
  CYGWIN environment variable option "nodosfilewarning" turns off this warning.
  Consult the user's guide for more details about POSIX paths:
    http://cygwin.com/cygwin-ug-net/using.html#using-pathnames
Qt: Untested Windows version 6.2 detected!
"c:/altera/13.0sp1/quartus/bin/jre/bin/java.exe" -Xmx512M -classpath "c:/altera/13.0sp1/quartus/sopc_builder/bin/sopc_builder.jar;c:/altera/13.0sp1/quartus/sopc_builder/bin/PinAssigner.jar;c:/altera/13.0sp1/quartus/sopc_builder/bin/sopc_wizard.jar;c:/altera/13.0sp1/quartus/sopc_builder/bin/jptf.jar" sopc_builder.sopc_builder  -d"c:/altera/13.0sp1/quartus/sopc_builder" -notalkback=1 -projectnameyysystem.qpf -projectpathC:/Users/yuval/AppData/Local/Temp/alt8379_6607121693955191291.dir/0002_sopclgen  --no_splash --refresh C:/Users/yuval/AppData/Local/Temp/alt8379_6607121693955191291.dir/0002_sopclgen/yysystem.v --quartus_dir="c:/altera/13.0sp1/quartus" --sopc_perl="c:/altera/13.0sp1/quartus/bin/perl" --sopc_lib_path="++c:/altera/13.0sp1/quartus/../ip/altera/sopc_builder_ip+c:/altera/13.0sp1/quartus/../ip/altera/nios2_ip"
Messages from PTF Update Script: perl: warning: Setting locale failed. 
perl: warning: Please check that your locale settings: 
 LC_ALL = (unset), 
 LANG = (unset) 
    are supported and installed on your system. 
perl: warning: Falling back to the standard locale ("C"). 
Info: Finished elaborating classic module.
Executing: C:/altera/13.0sp1/quartus//sopc_builder/bin/sopc_builder --classic --generate C:/Users/yuval/AppData/Local/Temp/alt8379_6607121693955191291.dir/0002_sopclgen/yysystem.ptf
Info: Running sopc_builder...
      2 [main] sh 68 find_fast_cwd: WARNING: Couldn't compute FAST_CWD pointer.  Please report this problem to
the public mailing list cygwin@cygwin.com
cygwin warning:
  MS-DOS style path detected: C:/altera/13.0sp1/quartus/sopc_builder/bin/nios_sh
  Preferred POSIX equivalent is: /cygdrive/c/altera/13.0sp1/quartus/sopc_builder/bin/nios_sh
  CYGWIN environment variable option "nodosfilewarning" turns off this warning.
  Consult the user's guide for more details about POSIX paths:
    http://cygwin.com/cygwin-ug-net/using.html#using-pathnames
Qt: Untested Windows version 6.2 detected!
"c:/altera/13.0sp1/quartus/bin/jre/bin/java.exe" -Xmx512M -classpath "c:/altera/13.0sp1/quartus/sopc_builder/bin/sopc_builder.jar;c:/altera/13.0sp1/quartus/sopc_builder/bin/PinAssigner.jar;c:/altera/13.0sp1/quartus/sopc_builder/bin/sopc_wizard.jar;c:/altera/13.0sp1/quartus/sopc_builder/bin/jptf.jar" sopc_builder.sopc_builder  -d"c:/altera/13.0sp1/quartus/sopc_builder" -notalkback=1 -projectnameyysystem.qpf -projectpathC:/Users/yuval/AppData/Local/Temp/alt8379_6607121693955191291.dir/0002_sopclgen  --generate C:/Users/yuval/AppData/Local/Temp/alt8379_6607121693955191291.dir/0002_sopclgen/yysystem.v --quartus_dir="c:/altera/13.0sp1/quartus" --sopc_perl="c:/altera/13.0sp1/quartus/bin/perl" --sopc_lib_path="++c:/altera/13.0sp1/quartus/../ip/altera/sopc_builder_ip+c:/altera/13.0sp1/quartus/../ip/altera/nios2_ip"
perl: warning: Setting locale failed.
perl: warning: Please check that your locale settings:
	LC_ALL = (unset),
	LANG = (unset)
    are supported and installed on your system.
perl: warning: Falling back to the standard locale ("C").
No .sopc_builder configuration file(!)
.
perl: warning: Setting locale failed.
perl: warning: Please check that your locale settings:
	LC_ALL = (unset),
	LANG = (unset)
    are supported and installed on your system.
perl: warning: Falling back to the standard locale ("C").
perl: warning: Setting locale failed.
perl: warning: Please check that your locale settings:
	LC_ALL = (unset),
	LANG = (unset)
    are supported and installed on your system.
perl: warning: Falling back to the standard locale ("C").
# 2020.04.27 17:44:16 (*) Success: sopc_builder finished.
Info: onchip_memory2_0: "nios_led" instantiated altera_avalon_onchip_memory2 "onchip_memory2_0"
Info: Starting classic module elaboration.
      3 [main] sh 6304 find_fast_cwd: WARNING: Couldn't compute FAST_CWD pointer.  Please report this problem to
the public mailing list cygwin@cygwin.com
cygwin warning:
  MS-DOS style path detected: C:/altera/13.0sp1/quartus/sopc_builder/bin/nios_sh
  Preferred POSIX equivalent is: /cygdrive/c/altera/13.0sp1/quartus/sopc_builder/bin/nios_sh
  CYGWIN environment variable option "nodosfilewarning" turns off this warning.
  Consult the user's guide for more details about POSIX paths:
    http://cygwin.com/cygwin-ug-net/using.html#using-pathnames
Qt: Untested Windows version 6.2 detected!
"c:/altera/13.0sp1/quartus/bin/jre/bin/java.exe" -Xmx512M -classpath "c:/altera/13.0sp1/quartus/sopc_builder/bin/sopc_builder.jar;c:/altera/13.0sp1/quartus/sopc_builder/bin/PinAssigner.jar;c:/altera/13.0sp1/quartus/sopc_builder/bin/sopc_wizard.jar;c:/altera/13.0sp1/quartus/sopc_builder/bin/jptf.jar" sopc_builder.sopc_builder  -d"c:/altera/13.0sp1/quartus/sopc_builder" -notalkback=1 -projectnameyysystem.qpf -projectpathC:/Users/yuval/AppData/Local/Temp/alt8379_6607121693955191291.dir/0003_sopclgen  --no_splash --refresh C:/Users/yuval/AppData/Local/Temp/alt8379_6607121693955191291.dir/0003_sopclgen/yysystem.v --quartus_dir="c:/altera/13.0sp1/quartus" --sopc_perl="c:/altera/13.0sp1/quartus/bin/perl" --sopc_lib_path="++c:/altera/13.0sp1/quartus/../ip/altera/sopc_builder_ip+c:/altera/13.0sp1/quartus/../ip/altera/nios2_ip"
Messages from PTF Update Script: perl: warning: Setting locale failed. 
perl: warning: Please check that your locale settings: 
 LC_ALL = (unset), 
 LANG = (unset) 
    are supported and installed on your system. 
perl: warning: Falling back to the standard locale ("C"). 
Info: Finished elaborating classic module.
Executing: C:/altera/13.0sp1/quartus//sopc_builder/bin/sopc_builder --classic --generate C:/Users/yuval/AppData/Local/Temp/alt8379_6607121693955191291.dir/0003_sopclgen/yysystem.ptf
Info: Running sopc_builder...
      2 [main] sh 6224 find_fast_cwd: WARNING: Couldn't compute FAST_CWD pointer.  Please report this problem to
the public mailing list cygwin@cygwin.com
cygwin warning:
  MS-DOS style path detected: C:/altera/13.0sp1/quartus/sopc_builder/bin/nios_sh
  Preferred POSIX equivalent is: /cygdrive/c/altera/13.0sp1/quartus/sopc_builder/bin/nios_sh
  CYGWIN environment variable option "nodosfilewarning" turns off this warning.
  Consult the user's guide for more details about POSIX paths:
    http://cygwin.com/cygwin-ug-net/using.html#using-pathnames
Qt: Untested Windows version 6.2 detected!
"c:/altera/13.0sp1/quartus/bin/jre/bin/java.exe" -Xmx512M -classpath "c:/altera/13.0sp1/quartus/sopc_builder/bin/sopc_builder.jar;c:/altera/13.0sp1/quartus/sopc_builder/bin/PinAssigner.jar;c:/altera/13.0sp1/quartus/sopc_builder/bin/sopc_wizard.jar;c:/altera/13.0sp1/quartus/sopc_builder/bin/jptf.jar" sopc_builder.sopc_builder  -d"c:/altera/13.0sp1/quartus/sopc_builder" -notalkback=1 -projectnameyysystem.qpf -projectpathC:/Users/yuval/AppData/Local/Temp/alt8379_6607121693955191291.dir/0003_sopclgen  --generate C:/Users/yuval/AppData/Local/Temp/alt8379_6607121693955191291.dir/0003_sopclgen/yysystem.v --quartus_dir="c:/altera/13.0sp1/quartus" --sopc_perl="c:/altera/13.0sp1/quartus/bin/perl" --sopc_lib_path="++c:/altera/13.0sp1/quartus/../ip/altera/sopc_builder_ip+c:/altera/13.0sp1/quartus/../ip/altera/nios2_ip"
perl: warning: Setting locale failed.
perl: warning: Please check that your locale settings:
	LC_ALL = (unset),
	LANG = (unset)
    are supported and installed on your system.
perl: warning: Falling back to the standard locale ("C").
No .sopc_builder configuration file(!)
.
perl: warning: Setting locale failed.
perl: warning: Please check that your locale settings:
	LC_ALL = (unset),
	LANG = (unset)
    are supported and installed on your system.
perl: warning: Falling back to the standard locale ("C").
perl: warning: Setting locale failed.
perl: warning: Please check that your locale settings:
	LC_ALL = (unset),
	LANG = (unset)
    are supported and installed on your system.
perl: warning: Falling back to the standard locale ("C").
# 2020.04.27 17:44:25 (*) Success: sopc_builder finished.
Info: rs232: "nios_led" instantiated altera_avalon_uart "rs232"
Info: Starting classic module elaboration.
      1 [main] sh 20120 find_fast_cwd: WARNING: Couldn't compute FAST_CWD pointer.  Please report this problem to
the public mailing list cygwin@cygwin.com
cygwin warning:
  MS-DOS style path detected: C:/altera/13.0sp1/quartus/sopc_builder/bin/nios_sh
  Preferred POSIX equivalent is: /cygdrive/c/altera/13.0sp1/quartus/sopc_builder/bin/nios_sh
  CYGWIN environment variable option "nodosfilewarning" turns off this warning.
  Consult the user's guide for more details about POSIX paths:
    http://cygwin.com/cygwin-ug-net/using.html#using-pathnames
Qt: Untested Windows version 6.2 detected!
"c:/altera/13.0sp1/quartus/bin/jre/bin/java.exe" -Xmx512M -classpath "c:/altera/13.0sp1/quartus/sopc_builder/bin/sopc_builder.jar;c:/altera/13.0sp1/quartus/sopc_builder/bin/PinAssigner.jar;c:/altera/13.0sp1/quartus/sopc_builder/bin/sopc_wizard.jar;c:/altera/13.0sp1/quartus/sopc_builder/bin/jptf.jar" sopc_builder.sopc_builder  -d"c:/altera/13.0sp1/quartus/sopc_builder" -notalkback=1 -projectnameyysystem.qpf -projectpathC:/Users/yuval/AppData/Local/Temp/alt8379_6607121693955191291.dir/0004_sopclgen  --no_splash --refresh C:/Users/yuval/AppData/Local/Temp/alt8379_6607121693955191291.dir/0004_sopclgen/yysystem.v --quartus_dir="c:/altera/13.0sp1/quartus" --sopc_perl="c:/altera/13.0sp1/quartus/bin/perl" --sopc_lib_path="++c:/altera/13.0sp1/quartus/../ip/altera/sopc_builder_ip+c:/altera/13.0sp1/quartus/../ip/altera/nios2_ip"
Messages from PTF Update Script: perl: warning: Setting locale failed. 
perl: warning: Please check that your locale settings: 
 LC_ALL = (unset), 
 LANG = (unset) 
    are supported and installed on your system. 
perl: warning: Falling back to the standard locale ("C"). 
Info: Finished elaborating classic module.
Executing: C:/altera/13.0sp1/quartus//sopc_builder/bin/sopc_builder --classic --generate C:/Users/yuval/AppData/Local/Temp/alt8379_6607121693955191291.dir/0004_sopclgen/yysystem.ptf
Info: Running sopc_builder...
      2 [main] sh 14048 find_fast_cwd: WARNING: Couldn't compute FAST_CWD pointer.  Please report this problem to
the public mailing list cygwin@cygwin.com
cygwin warning:
  MS-DOS style path detected: C:/altera/13.0sp1/quartus/sopc_builder/bin/nios_sh
  Preferred POSIX equivalent is: /cygdrive/c/altera/13.0sp1/quartus/sopc_builder/bin/nios_sh
  CYGWIN environment variable option "nodosfilewarning" turns off this warning.
  Consult the user's guide for more details about POSIX paths:
    http://cygwin.com/cygwin-ug-net/using.html#using-pathnames
Qt: Untested Windows version 6.2 detected!
"c:/altera/13.0sp1/quartus/bin/jre/bin/java.exe" -Xmx512M -classpath "c:/altera/13.0sp1/quartus/sopc_builder/bin/sopc_builder.jar;c:/altera/13.0sp1/quartus/sopc_builder/bin/PinAssigner.jar;c:/altera/13.0sp1/quartus/sopc_builder/bin/sopc_wizard.jar;c:/altera/13.0sp1/quartus/sopc_builder/bin/jptf.jar" sopc_builder.sopc_builder  -d"c:/altera/13.0sp1/quartus/sopc_builder" -notalkback=1 -projectnameyysystem.qpf -projectpathC:/Users/yuval/AppData/Local/Temp/alt8379_6607121693955191291.dir/0004_sopclgen  --generate C:/Users/yuval/AppData/Local/Temp/alt8379_6607121693955191291.dir/0004_sopclgen/yysystem.v --quartus_dir="c:/altera/13.0sp1/quartus" --sopc_perl="c:/altera/13.0sp1/quartus/bin/perl" --sopc_lib_path="++c:/altera/13.0sp1/quartus/../ip/altera/sopc_builder_ip+c:/altera/13.0sp1/quartus/../ip/altera/nios2_ip"
perl: warning: Setting locale failed.
perl: warning: Please check that your locale settings:
	LC_ALL = (unset),
	LANG = (unset)
    are supported and installed on your system.
perl: warning: Falling back to the standard locale ("C").
No .sopc_builder configuration file(!)
.
perl: warning: Setting locale failed.
perl: warning: Please check that your locale settings:
	LC_ALL = (unset),
	LANG = (unset)
    are supported and installed on your system.
perl: warning: Falling back to the standard locale ("C").
perl: warning: Setting locale failed.
perl: warning: Please check that your locale settings:
	LC_ALL = (unset),
	LANG = (unset)
    are supported and installed on your system.
perl: warning: Falling back to the standard locale ("C").
# 2020.04.27 17:44:33 (*) Success: sopc_builder finished.
Info: bus1: "nios_led" instantiated altera_avalon_pio "bus1"
Info: nios2_qsys_0_instruction_master_translator: "nios_led" instantiated altera_merlin_master_translator "nios2_qsys_0_instruction_master_translator"
Info: nios2_qsys_0_jtag_debug_module_translator: "nios_led" instantiated altera_merlin_slave_translator "nios2_qsys_0_jtag_debug_module_translator"
Info: nios2_qsys_0_instruction_master_translator_avalon_universal_master_0_agent: "nios_led" instantiated altera_merlin_master_agent "nios2_qsys_0_instruction_master_translator_avalon_universal_master_0_agent"
Info: nios2_qsys_0_jtag_debug_module_translator_avalon_universal_slave_0_agent: "nios_led" instantiated altera_merlin_slave_agent "nios2_qsys_0_jtag_debug_module_translator_avalon_universal_slave_0_agent"
Info: nios2_qsys_0_jtag_debug_module_translator_avalon_universal_slave_0_agent_rsp_fifo: "nios_led" instantiated altera_avalon_sc_fifo "nios2_qsys_0_jtag_debug_module_translator_avalon_universal_slave_0_agent_rsp_fifo"
Info: addr_router: "nios_led" instantiated altera_merlin_router "addr_router"
Info: addr_router_001: "nios_led" instantiated altera_merlin_router "addr_router_001"
Info: id_router: "nios_led" instantiated altera_merlin_router "id_router"
Info: id_router_002: "nios_led" instantiated altera_merlin_router "id_router_002"
Info: rst_controller: "nios_led" instantiated altera_reset_controller "rst_controller"
Info: cmd_xbar_demux: "nios_led" instantiated altera_merlin_demultiplexer "cmd_xbar_demux"
Info: cmd_xbar_demux_001: "nios_led" instantiated altera_merlin_demultiplexer "cmd_xbar_demux_001"
Info: cmd_xbar_mux: "nios_led" instantiated altera_merlin_multiplexer "cmd_xbar_mux"
Info: rsp_xbar_demux_002: "nios_led" instantiated altera_merlin_demultiplexer "rsp_xbar_demux_002"
Info: rsp_xbar_mux: "nios_led" instantiated altera_merlin_multiplexer "rsp_xbar_mux"
Info: Reusing file C:/altera/13.0sp1/nios_led/nios_led/synthesis/submodules/altera_merlin_arbitrator.sv
Info: rsp_xbar_mux_001: "nios_led" instantiated altera_merlin_multiplexer "rsp_xbar_mux_001"
Info: Reusing file C:/altera/13.0sp1/nios_led/nios_led/synthesis/submodules/altera_merlin_arbitrator.sv
Info: irq_mapper: "nios_led" instantiated altera_irq_mapper "irq_mapper"
Info: nios_led: Done nios_led" with 22 modules, 86 files, 1728742 bytes
Info: ip-generate succeeded.
Info: Finished: Create HDL design files for synthesis
