MIF/HEX Update report for proj_qsys
Tue Jun 23 15:03:24 2020
Quartus II 64-Bit Version 13.0.1 Build 232 06/12/2013 Service Pack 1 SJ Web Edition


---------------------
; Table of Contents ;
---------------------
  1. Legal Notice
  2. MIF/HEX Update Summary
  3. MIF/HEX Update Processed Files
  4. MIF/HEX Update Messages



----------------
; Legal Notice ;
----------------
Copyright (C) 1991-2013 Altera Corporation
Your use of Altera Corporation's design tools, logic functions 
and other software and tools, and its AMPP partner logic 
functions, and any output files from any of the foregoing 
(including device programming or simulation files), and any 
associated documentation or information are expressly subject 
to the terms and conditions of the Altera Program License 
Subscription Agreement, Altera MegaCore Function License 
Agreement, or other applicable license agreement, including, 
without limitation, that your use is for the sole purpose of 
programming logic devices manufactured by Altera and sold by 
Altera or its authorized distributors.  Please refer to the 
applicable agreement for further details.



+---------------------------------------------------------------+
; MIF/HEX Update Summary                                        ;
+-----------------------+---------------------------------------+
; MIF/HEX Update Status ; Successful - Tue Jun 23 15:03:24 2020 ;
; Revision Name         ; proj_qsys                             ;
; Top-level Entity Name ; top                                   ;
; Family                ; Cyclone II                            ;
; Device                ; EP2C20F484C7                          ;
+-----------------------+---------------------------------------+


+-----------------------------------------------------------------------------------------+
; MIF/HEX Update Processed Files                                                          ;
+-----------------------------------------------------------------------------------------+
; File Name                                                                               ;
+-----------------------------------------------------------------------------------------+
; C:/altera/13.0sp1/nios_led/software/uart_handler/mem_init/nios_led_onchip_memory2_0.hex ;
+-----------------------------------------------------------------------------------------+


+-------------------------+
; MIF/HEX Update Messages ;
+-------------------------+
Info: *******************************************************************
Info: Running Quartus II 64-Bit MIF/HEX Update
    Info: Version 13.0.1 Build 232 06/12/2013 Service Pack 1 SJ Web Edition
    Info: Processing started: Tue Jun 23 15:03:21 2020
Info: Command: quartus_cdb nios_led -c proj_qsys --update_mif
Warning (39023): Can't find Memory Initialization File nios_led_nios2_qsys_0_rf_ram_a.mif -- skipped updates for this file
Warning (39023): Can't find Memory Initialization File nios_led_nios2_qsys_0_rf_ram_b.mif -- skipped updates for this file
Warning (39023): Can't find Memory Initialization File nios_led_nios2_qsys_0_ociram_default_contents.mif -- skipped updates for this file
Warning (113015): Width of data items in "nios_led_onchip_memory2_0.hex" is greater than the memory width. Wrapping data items to subsequent addresses. Found 512 warnings, reporting 10
    Warning (113009): Data at line (2) of memory initialization file "nios_led_onchip_memory2_0.hex" is too wide to fit in one memory word. Wrapping data to subsequent addresses.
    Warning (113009): Data at line (3) of memory initialization file "nios_led_onchip_memory2_0.hex" is too wide to fit in one memory word. Wrapping data to subsequent addresses.
    Warning (113009): Data at line (4) of memory initialization file "nios_led_onchip_memory2_0.hex" is too wide to fit in one memory word. Wrapping data to subsequent addresses.
    Warning (113009): Data at line (5) of memory initialization file "nios_led_onchip_memory2_0.hex" is too wide to fit in one memory word. Wrapping data to subsequent addresses.
    Warning (113009): Data at line (6) of memory initialization file "nios_led_onchip_memory2_0.hex" is too wide to fit in one memory word. Wrapping data to subsequent addresses.
    Warning (113009): Data at line (7) of memory initialization file "nios_led_onchip_memory2_0.hex" is too wide to fit in one memory word. Wrapping data to subsequent addresses.
    Warning (113009): Data at line (8) of memory initialization file "nios_led_onchip_memory2_0.hex" is too wide to fit in one memory word. Wrapping data to subsequent addresses.
    Warning (113009): Data at line (9) of memory initialization file "nios_led_onchip_memory2_0.hex" is too wide to fit in one memory word. Wrapping data to subsequent addresses.
    Warning (113009): Data at line (10) of memory initialization file "nios_led_onchip_memory2_0.hex" is too wide to fit in one memory word. Wrapping data to subsequent addresses.
    Warning (113009): Data at line (11) of memory initialization file "nios_led_onchip_memory2_0.hex" is too wide to fit in one memory word. Wrapping data to subsequent addresses.
Info (39024): Processed the following Memory Initialization File(s)
    Info (39025): Processed Memory Initialization File C:/altera/13.0sp1/nios_led/software/uart_handler/mem_init/nios_led_onchip_memory2_0.hex
Info: Quartus II 64-Bit MIF/HEX Update was successful. 0 errors, 14 warnings
    Info: Peak virtual memory: 4584 megabytes
    Info: Processing ended: Tue Jun 23 15:03:24 2020
    Info: Elapsed time: 00:00:03
    Info: Total CPU time (on all processors): 00:00:03


